[debug] > Exec(early(addDefaultCommands), None, None)
[debug] > Exec(addDefaultCommands, None, None)
[debug] > Exec(early(initialize), None, None)
[debug] > Exec(initialize, None, None)
[debug] > Exec(early(addPluginSbtFile="""C:\Users\Lauri\AppData\Local\Temp\idea.sbt"""), None, None)
[debug] > Exec(addPluginSbtFile="""C:\Users\Lauri\AppData\Local\Temp\idea.sbt""", None, None)
[debug] > Exec(boot, None, None)
[debug] > Exec(writeSbtVersion, None, None)
[debug] > Exec(reload, None, None)
[debug] > Exec(sbtStashOnFailure, None, None)
[debug] > Exec(onFailure loadFailed, None, None)
[debug] > Exec(loadp, None, None)
[info] welcome to sbt 1.9.7 (Eclipse Adoptium Java 17.0.10)
[debug] Load.defaultLoad until apply took 357.0194ms
[debug]           Load.loadUnit: plugins took 148.4967ms
[debug]           Load.loadUnit: defsScala took 0.975ms
[debug] [Loading] Scanning directory C:\Users\Lauri\Desktop\GitHub\chisel-lab_Personlig\lab4\project
[debug]             Load.loadUnit: mkEval took 13.6842ms
[debug] [Loading] Found non-root projects 
[debug] [Loading] Done in C:\Users\Lauri\Desktop\GitHub\chisel-lab_Personlig\lab4\project, returning: ()
[debug] deducing auto plugins based on known facts Set(Atom(sbt.plugins.CorePlugin)) and clauses Clauses(Clause(Atom(sbt.plugins.JvmPlugin),Set(Atom(sbt.plugins.IvyPlugin)))
[debug] Clause(Atom(sbt.ScriptedPlugin),Set(Atom(sbt.plugins.JvmPlugin)))
[debug] Clause(Atom(sbt.plugins.SbtPlugin),Set(Atom(sbt.ScriptedPlugin)))
[debug] Clause(Atom(sbt.plugins.SemanticdbPlugin),Set(Atom(sbt.plugins.JvmPlugin)))
[debug] Clause(Atom(sbt.plugins.JUnitXmlReportPlugin),Set(Atom(sbt.plugins.JvmPlugin)))
[debug] Clause(Atom(sbt.plugins.MiniDependencyTreePlugin),Set(Atom(sbt.plugins.JvmPlugin)))
[debug] Clause(Atom(sbt.plugins.CorePlugin),Set(Atom(sbt.plugins.IvyPlugin)))
[debug] Clause(Atom(sbt.plugins.IvyPlugin),Set(Atom(sbt.plugins.JvmPlugin)))
[debug] Clause(Atom(sbt.plugins.JvmPlugin),Set(Atom(sbt.plugins.SemanticdbPlugin)))
[debug] Clause(Atom(sbt.plugins.JvmPlugin),Set(Atom(sbt.plugins.JUnitXmlReportPlugin)))
[debug] Clause(Atom(sbt.plugins.CorePlugin),Set(Atom(sbt.plugins.Giter8TemplatePlugin)))
[debug] Clause(Atom(sbt.plugins.JvmPlugin),Set(Atom(sbt.plugins.MiniDependencyTreePlugin))))
[debug]   :: deduced result: Matched(sbt.plugins.CorePlugin,sbt.plugins.Giter8TemplatePlugin,sbt.plugins.IvyPlugin,sbt.plugins.JvmPlugin,sbt.plugins.MiniDependencyTreePlugin,sbt.plugins.JUnitXmlReportPlugin,sbt.plugins.SemanticdbPlugin)
[debug] Plugins.deducer#function took 22.7981 ms
[info] loading settings for project lab4-build from idea.sbt ...
[debug]               Load.resolveProject(lab4-build) took 50.6303ms
[debug]             Load.loadTransitive: finalizeProject(Project(id lab4-build, base: C:\Users\Lauri\Desktop\GitHub\chisel-lab_Personlig\lab4\project, plugins: List(<none>))) took 84.7554ms
[debug] [Loading] Done in C:\Users\Lauri\Desktop\GitHub\chisel-lab_Personlig\lab4\project, returning: (lab4-build)
[debug]           Load.loadUnit: loadedProjectsRaw took 3965.1244ms
[debug]           Load.loadUnit: cleanEvalClasses took 11.7501ms
[debug]         Load.loadUnit(file:/C:/Users/Lauri/Desktop/GitHub/chisel-lab_Personlig/lab4/project/, ...) took 4137.3901ms
[debug]       Load.apply: load took 4302.5032ms
[debug]       Load.apply: resolveProjects took 6.1616ms
[debug]       Load.apply: finalTransforms took 78.5216ms
[debug]       Load.apply: config.delegates took 20.3602ms
[debug]       Load.apply: Def.make(settings)... took 495.9782ms
[debug]       Load.apply: structureIndex took 105.0042ms
[debug]       Load.apply: mkStreams took 1.9362ms
[info] loading project definition from C:\Users\Lauri\Desktop\GitHub\chisel-lab_Personlig\lab4\project
[debug] Running task... Cancel: Signal, check cycles: false, forcegc: true
[debug]     Load.loadUnit: plugins took 7063.4418ms
[debug]     Load.loadUnit: defsScala took 0.0032ms
[debug] [Loading] Scanning directory C:\Users\Lauri\Desktop\GitHub\chisel-lab_Personlig\lab4
[debug]       Load.loadUnit: mkEval took 0.4955ms
[debug] [Loading] Found non-root projects 
[debug] [Loading] Done in C:\Users\Lauri\Desktop\GitHub\chisel-lab_Personlig\lab4, returning: ()
[debug] deducing auto plugins based on known facts Set(Atom(sbt.plugins.CorePlugin)) and clauses Clauses(Clause(Atom(sbt.plugins.JvmPlugin),Set(Atom(sbt.plugins.IvyPlugin)))
[debug] Clause(Atom(sbt.ScriptedPlugin),Set(Atom(sbt.plugins.JvmPlugin)))
[debug] Clause(Atom(sbt.plugins.SbtPlugin),Set(Atom(sbt.ScriptedPlugin)))
[debug] Clause(Atom(sbt.plugins.SemanticdbPlugin),Set(Atom(sbt.plugins.JvmPlugin)))
[debug] Clause(Atom(sbt.plugins.JUnitXmlReportPlugin),Set(Atom(sbt.plugins.JvmPlugin)))
[debug] Clause(Atom(sbt.plugins.MiniDependencyTreePlugin),Set(Atom(sbt.plugins.JvmPlugin)))
[debug] Clause(Atom(org.jetbrains.sbt.StructurePlugin),Set(Atom(sbt.plugins.JvmPlugin)))
[debug] Clause(Atom(org.jetbrains.sbt.IdeaShellPlugin),Set(Atom(sbt.plugins.JvmPlugin)))
[debug] Clause(Atom(org.jetbrains.sbt.indices.SbtIntellijIndicesPlugin),Set(Atom(sbt.plugins.JvmPlugin)))
[debug] Clause(Atom(sbt.plugins.CorePlugin),Set(Atom(sbt.plugins.IvyPlugin)))
[debug] Clause(Atom(sbt.plugins.IvyPlugin),Set(Atom(sbt.plugins.JvmPlugin)))
[debug] Clause(Atom(sbt.plugins.JvmPlugin),Set(Atom(sbt.plugins.SemanticdbPlugin)))
[debug] Clause(Atom(sbt.plugins.JvmPlugin),Set(Atom(sbt.plugins.JUnitXmlReportPlugin)))
[debug] Clause(Atom(sbt.plugins.CorePlugin),Set(Atom(sbt.plugins.Giter8TemplatePlugin)))
[debug] Clause(Atom(sbt.plugins.JvmPlugin),Set(Atom(sbt.plugins.MiniDependencyTreePlugin)))
[debug] Clause(Atom(sbt.plugins.JvmPlugin),Set(Atom(org.jetbrains.sbt.StructurePlugin)))
[debug] Clause(Atom(sbt.plugins.JvmPlugin),Set(Atom(org.jetbrains.sbt.IdeaShellPlugin)))
[debug] Clause(And(Set(Atom(sbt.plugins.CorePlugin), Atom(sbt.plugins.JvmPlugin))),Set(Atom(org.jetbrains.sbt.indices.SbtIntellijIndicesPlugin))))
[debug]   :: deduced result: Matched(sbt.plugins.CorePlugin,sbt.plugins.Giter8TemplatePlugin,sbt.plugins.IvyPlugin,sbt.plugins.JvmPlugin,sbt.plugins.SemanticdbPlugin,org.jetbrains.sbt.indices.SbtIntellijIndicesPlugin,sbt.plugins.JUnitXmlReportPlugin,org.jetbrains.sbt.IdeaShellPlugin,org.jetbrains.sbt.StructurePlugin,sbt.plugins.MiniDependencyTreePlugin)
[debug] Plugins.deducer#function took 2.7292 ms
[info] loading settings for project lab4 from build.sbt ...
[debug]         Load.resolveProject(lab4) took 56.7605ms
[debug]       Load.loadTransitive: finalizeProject(Project(id lab4, base: C:\Users\Lauri\Desktop\GitHub\chisel-lab_Personlig\lab4, plugins: List(<none>))) took 60.9191ms
[debug] [Loading] Done in C:\Users\Lauri\Desktop\GitHub\chisel-lab_Personlig\lab4, returning: (lab4)
[debug]     Load.loadUnit: loadedProjectsRaw took 2893.8508ms
[debug]     Load.loadUnit: cleanEvalClasses took 70.9984ms
[debug]   Load.loadUnit(file:/C:/Users/Lauri/Desktop/GitHub/chisel-lab_Personlig/lab4/, ...) took 10033.9856ms
[debug] Load.apply: load took 10098.9772ms
[debug] Load.apply: resolveProjects took 0.1643ms
[debug] Load.apply: finalTransforms took 48.1367ms
[debug] Load.apply: config.delegates took 0.4799ms
[debug] Load.apply: Def.make(settings)... took 111.1642ms
[debug] Load.apply: structureIndex took 34.7165ms
[debug] Load.apply: mkStreams took 0.0035ms
[info] set current project to lab4 (in build file:/C:/Users/Lauri/Desktop/GitHub/chisel-lab_Personlig/lab4/)
[debug] > Exec(sbtPopOnFailure, None, None)
[debug] > Exec(resumeFromFailure, None, None)
[debug] > Exec(notifyUsersAboutShell, None, None)
[debug] > Exec(iflast shell, None, None)
[debug] > Exec(; set ideaPort in Global := 62768 ; idea-shell, None, None)
[debug] > Exec(set ideaPort in Global := 62768, None, None)
[info] Defining Global / ideaPort
[info] The new value will be used by Compile / compile, Test / compile
[debug] Defining 
[debug] 	Global / ideaPort
[debug] 
[debug] The new value will be used by 
[debug] 	Compile / compile
[debug] 	Test / compile
[info] Reapplying settings...
[info] set current project to lab4 (in build file:/C:/Users/Lauri/Desktop/GitHub/chisel-lab_Personlig/lab4/)
[debug] > Exec(idea-shell, None, None)
