[debug] > Exec(early(addDefaultCommands), None, None)
[debug] > Exec(addDefaultCommands, None, None)
[debug] > Exec(early(initialize), None, None)
[debug] > Exec(initialize, None, None)
[debug] > Exec(early(addPluginSbtFile="""C:\Users\Lauri\AppData\Local\Temp\idea.sbt"""), None, None)
[debug] > Exec(addPluginSbtFile="""C:\Users\Lauri\AppData\Local\Temp\idea.sbt""", None, None)
[debug] > Exec(boot, None, None)
[debug] > Exec(writeSbtVersion, None, None)
[debug] > Exec(reload, None, None)
[debug] > Exec(sbtStashOnFailure, None, None)
[debug] > Exec(onFailure loadFailed, None, None)
[debug] > Exec(loadp, None, None)
[info] welcome to sbt 1.9.7 (Eclipse Adoptium Java 17.0.10)
[debug] Load.defaultLoad until apply took 208.9158ms
[debug]           Load.loadUnit: plugins took 153.3379ms
[debug]           Load.loadUnit: defsScala took 0.8435ms
[debug] [Loading] Scanning directory C:\Users\Lauri\Desktop\GitHub\chisel-lab_Personlig\lab3\project
[debug]             Load.loadUnit: mkEval took 14.8358ms
[debug] [Loading] Found non-root projects 
[debug] [Loading] Done in C:\Users\Lauri\Desktop\GitHub\chisel-lab_Personlig\lab3\project, returning: ()
[debug] deducing auto plugins based on known facts Set(Atom(sbt.plugins.CorePlugin)) and clauses Clauses(Clause(Atom(sbt.plugins.JvmPlugin),Set(Atom(sbt.plugins.IvyPlugin)))
[debug] Clause(Atom(sbt.ScriptedPlugin),Set(Atom(sbt.plugins.JvmPlugin)))
[debug] Clause(Atom(sbt.plugins.SbtPlugin),Set(Atom(sbt.ScriptedPlugin)))
[debug] Clause(Atom(sbt.plugins.SemanticdbPlugin),Set(Atom(sbt.plugins.JvmPlugin)))
[debug] Clause(Atom(sbt.plugins.JUnitXmlReportPlugin),Set(Atom(sbt.plugins.JvmPlugin)))
[debug] Clause(Atom(sbt.plugins.MiniDependencyTreePlugin),Set(Atom(sbt.plugins.JvmPlugin)))
[debug] Clause(Atom(sbt.plugins.CorePlugin),Set(Atom(sbt.plugins.IvyPlugin)))
[debug] Clause(Atom(sbt.plugins.IvyPlugin),Set(Atom(sbt.plugins.JvmPlugin)))
[debug] Clause(Atom(sbt.plugins.JvmPlugin),Set(Atom(sbt.plugins.SemanticdbPlugin)))
[debug] Clause(Atom(sbt.plugins.JvmPlugin),Set(Atom(sbt.plugins.JUnitXmlReportPlugin)))
[debug] Clause(Atom(sbt.plugins.CorePlugin),Set(Atom(sbt.plugins.Giter8TemplatePlugin)))
[debug] Clause(Atom(sbt.plugins.JvmPlugin),Set(Atom(sbt.plugins.MiniDependencyTreePlugin))))
[debug]   :: deduced result: Matched(sbt.plugins.CorePlugin,sbt.plugins.Giter8TemplatePlugin,sbt.plugins.IvyPlugin,sbt.plugins.JvmPlugin,sbt.plugins.MiniDependencyTreePlugin,sbt.plugins.JUnitXmlReportPlugin,sbt.plugins.SemanticdbPlugin)
[debug] Plugins.deducer#function took 20.3304 ms
[info] loading settings for project lab3-build from idea.sbt ...
[debug]               Load.resolveProject(lab3-build) took 59.9394ms
[debug]             Load.loadTransitive: finalizeProject(Project(id lab3-build, base: C:\Users\Lauri\Desktop\GitHub\chisel-lab_Personlig\lab3\project, plugins: List(<none>))) took 94.0208ms
[debug] [Loading] Done in C:\Users\Lauri\Desktop\GitHub\chisel-lab_Personlig\lab3\project, returning: (lab3-build)
[debug]           Load.loadUnit: loadedProjectsRaw took 3853.1149ms
[debug]           Load.loadUnit: cleanEvalClasses took 13.5386ms
[debug]         Load.loadUnit(file:/C:/Users/Lauri/Desktop/GitHub/chisel-lab_Personlig/lab3/project/, ...) took 4032.4293ms
[debug]       Load.apply: load took 4220.3653ms
[debug]       Load.apply: resolveProjects took 7.8169ms
[debug]       Load.apply: finalTransforms took 86.5712ms
[debug]       Load.apply: config.delegates took 22.4544ms
[debug]       Load.apply: Def.make(settings)... took 553.5742ms
[debug]       Load.apply: structureIndex took 114.2643ms
[debug]       Load.apply: mkStreams took 4.5517ms
[info] loading project definition from C:\Users\Lauri\Desktop\GitHub\chisel-lab_Personlig\lab3\project
[debug] Running task... Cancel: Signal, check cycles: false, forcegc: true
[debug]     Load.loadUnit: plugins took 6956.9493ms
[debug]     Load.loadUnit: defsScala took 0.0026ms
[debug] [Loading] Scanning directory C:\Users\Lauri\Desktop\GitHub\chisel-lab_Personlig\lab3
[debug]       Load.loadUnit: mkEval took 0.3821ms
[debug] [Loading] Found non-root projects 
[debug] [Loading] Done in C:\Users\Lauri\Desktop\GitHub\chisel-lab_Personlig\lab3, returning: ()
[debug] deducing auto plugins based on known facts Set(Atom(sbt.plugins.CorePlugin)) and clauses Clauses(Clause(Atom(sbt.plugins.JvmPlugin),Set(Atom(sbt.plugins.IvyPlugin)))
[debug] Clause(Atom(sbt.ScriptedPlugin),Set(Atom(sbt.plugins.JvmPlugin)))
[debug] Clause(Atom(sbt.plugins.SbtPlugin),Set(Atom(sbt.ScriptedPlugin)))
[debug] Clause(Atom(sbt.plugins.SemanticdbPlugin),Set(Atom(sbt.plugins.JvmPlugin)))
[debug] Clause(Atom(sbt.plugins.JUnitXmlReportPlugin),Set(Atom(sbt.plugins.JvmPlugin)))
[debug] Clause(Atom(sbt.plugins.MiniDependencyTreePlugin),Set(Atom(sbt.plugins.JvmPlugin)))
[debug] Clause(Atom(org.jetbrains.sbt.StructurePlugin),Set(Atom(sbt.plugins.JvmPlugin)))
[debug] Clause(Atom(org.jetbrains.sbt.IdeaShellPlugin),Set(Atom(sbt.plugins.JvmPlugin)))
[debug] Clause(Atom(org.jetbrains.sbt.indices.SbtIntellijIndicesPlugin),Set(Atom(sbt.plugins.JvmPlugin)))
[debug] Clause(Atom(sbt.plugins.CorePlugin),Set(Atom(sbt.plugins.IvyPlugin)))
[debug] Clause(Atom(sbt.plugins.IvyPlugin),Set(Atom(sbt.plugins.JvmPlugin)))
[debug] Clause(Atom(sbt.plugins.JvmPlugin),Set(Atom(sbt.plugins.SemanticdbPlugin)))
[debug] Clause(Atom(sbt.plugins.JvmPlugin),Set(Atom(sbt.plugins.JUnitXmlReportPlugin)))
[debug] Clause(Atom(sbt.plugins.CorePlugin),Set(Atom(sbt.plugins.Giter8TemplatePlugin)))
[debug] Clause(Atom(sbt.plugins.JvmPlugin),Set(Atom(sbt.plugins.MiniDependencyTreePlugin)))
[debug] Clause(Atom(sbt.plugins.JvmPlugin),Set(Atom(org.jetbrains.sbt.StructurePlugin)))
[debug] Clause(Atom(sbt.plugins.JvmPlugin),Set(Atom(org.jetbrains.sbt.IdeaShellPlugin)))
[debug] Clause(And(Set(Atom(sbt.plugins.CorePlugin), Atom(sbt.plugins.JvmPlugin))),Set(Atom(org.jetbrains.sbt.indices.SbtIntellijIndicesPlugin))))
[debug]   :: deduced result: Matched(sbt.plugins.CorePlugin,sbt.plugins.Giter8TemplatePlugin,sbt.plugins.IvyPlugin,sbt.plugins.JvmPlugin,sbt.plugins.SemanticdbPlugin,org.jetbrains.sbt.indices.SbtIntellijIndicesPlugin,sbt.plugins.JUnitXmlReportPlugin,org.jetbrains.sbt.IdeaShellPlugin,org.jetbrains.sbt.StructurePlugin,sbt.plugins.MiniDependencyTreePlugin)
[debug] Plugins.deducer#function took 2.2443 ms
[info] loading settings for project lab3 from build.sbt ...
[debug]         Load.resolveProject(lab3) took 40.6126ms
[debug]       Load.loadTransitive: finalizeProject(Project(id lab3, base: C:\Users\Lauri\Desktop\GitHub\chisel-lab_Personlig\lab3, plugins: List(<none>))) took 44.1501ms
[debug] [Loading] Done in C:\Users\Lauri\Desktop\GitHub\chisel-lab_Personlig\lab3, returning: (lab3)
[debug]     Load.loadUnit: loadedProjectsRaw took 1739.2959ms
[debug]     Load.loadUnit: cleanEvalClasses took 51.4875ms
[debug]   Load.loadUnit(file:/C:/Users/Lauri/Desktop/GitHub/chisel-lab_Personlig/lab3/, ...) took 8751.3336ms
[debug] Load.apply: load took 8793.9211ms
[debug] Load.apply: resolveProjects took 0.1138ms
[debug] Load.apply: finalTransforms took 30.2335ms
[debug] Load.apply: config.delegates took 0.3328ms
[debug] Load.apply: Def.make(settings)... took 88.3505ms
[debug] Load.apply: structureIndex took 27.7985ms
[debug] Load.apply: mkStreams took 0.0025ms
[info] set current project to lab3 (in build file:/C:/Users/Lauri/Desktop/GitHub/chisel-lab_Personlig/lab3/)
[debug] > Exec(sbtPopOnFailure, None, None)
[debug] > Exec(resumeFromFailure, None, None)
[debug] > Exec(notifyUsersAboutShell, None, None)
[debug] > Exec(iflast shell, None, None)
[debug] > Exec(; set ideaPort in Global := 54247 ; idea-shell, None, None)
[debug] > Exec(set ideaPort in Global := 54247, None, None)
[info] Defining Global / ideaPort
[info] The new value will be used by Compile / compile, Test / compile
[debug] Defining 
[debug] 	Global / ideaPort
[debug] 
[debug] The new value will be used by 
[debug] 	Compile / compile
[debug] 	Test / compile
[info] Reapplying settings...
[info] set current project to lab3 (in build file:/C:/Users/Lauri/Desktop/GitHub/chisel-lab_Personlig/lab3/)
[debug] > Exec(idea-shell, None, None)
