[debug] > Exec(early(addDefaultCommands), None, None)
[debug] > Exec(addDefaultCommands, None, None)
[debug] > Exec(early(initialize), None, None)
[debug] > Exec(initialize, None, None)
[debug] > Exec(early(addPluginSbtFile="""C:\Users\Lauri\AppData\Local\Temp\idea.sbt"""), None, None)
[debug] > Exec(addPluginSbtFile="""C:\Users\Lauri\AppData\Local\Temp\idea.sbt""", None, None)
[debug] > Exec(boot, None, None)
[debug] > Exec(writeSbtVersion, None, None)
[debug] > Exec(reload, None, None)
[debug] > Exec(sbtStashOnFailure, None, None)
[debug] > Exec(onFailure loadFailed, None, None)
[debug] > Exec(loadp, None, None)
[info] welcome to sbt 1.9.7 (Eclipse Adoptium Java 17.0.10)
[debug] Load.defaultLoad until apply took 254.7866ms
[debug]           Load.loadUnit: plugins took 160.3394ms
[debug]           Load.loadUnit: defsScala took 0.7471ms
[debug] [Loading] Scanning directory C:\Users\Lauri\Desktop\GitHub\chisel-lab_Personlig\lab5\project
[debug]             Load.loadUnit: mkEval took 13.228801ms
[debug] [Loading] Found non-root projects 
[debug] [Loading] Done in C:\Users\Lauri\Desktop\GitHub\chisel-lab_Personlig\lab5\project, returning: ()
[debug] deducing auto plugins based on known facts Set(Atom(sbt.plugins.CorePlugin)) and clauses Clauses(Clause(Atom(sbt.plugins.JvmPlugin),Set(Atom(sbt.plugins.IvyPlugin)))
[debug] Clause(Atom(sbt.ScriptedPlugin),Set(Atom(sbt.plugins.JvmPlugin)))
[debug] Clause(Atom(sbt.plugins.SbtPlugin),Set(Atom(sbt.ScriptedPlugin)))
[debug] Clause(Atom(sbt.plugins.SemanticdbPlugin),Set(Atom(sbt.plugins.JvmPlugin)))
[debug] Clause(Atom(sbt.plugins.JUnitXmlReportPlugin),Set(Atom(sbt.plugins.JvmPlugin)))
[debug] Clause(Atom(sbt.plugins.MiniDependencyTreePlugin),Set(Atom(sbt.plugins.JvmPlugin)))
[debug] Clause(Atom(sbt.plugins.CorePlugin),Set(Atom(sbt.plugins.IvyPlugin)))
[debug] Clause(Atom(sbt.plugins.IvyPlugin),Set(Atom(sbt.plugins.JvmPlugin)))
[debug] Clause(Atom(sbt.plugins.JvmPlugin),Set(Atom(sbt.plugins.SemanticdbPlugin)))
[debug] Clause(Atom(sbt.plugins.JvmPlugin),Set(Atom(sbt.plugins.JUnitXmlReportPlugin)))
[debug] Clause(Atom(sbt.plugins.CorePlugin),Set(Atom(sbt.plugins.Giter8TemplatePlugin)))
[debug] Clause(Atom(sbt.plugins.JvmPlugin),Set(Atom(sbt.plugins.MiniDependencyTreePlugin))))
[debug]   :: deduced result: Matched(sbt.plugins.CorePlugin,sbt.plugins.Giter8TemplatePlugin,sbt.plugins.IvyPlugin,sbt.plugins.JvmPlugin,sbt.plugins.MiniDependencyTreePlugin,sbt.plugins.JUnitXmlReportPlugin,sbt.plugins.SemanticdbPlugin)
[debug] Plugins.deducer#function took 26.8246 ms
[info] loading settings for project lab5-build from idea.sbt ...
[debug]               Load.resolveProject(lab5-build) took 56.6382ms
[debug]             Load.loadTransitive: finalizeProject(Project(id lab5-build, base: C:\Users\Lauri\Desktop\GitHub\chisel-lab_Personlig\lab5\project, plugins: List(<none>))) took 95.0029ms
[debug] [Loading] Done in C:\Users\Lauri\Desktop\GitHub\chisel-lab_Personlig\lab5\project, returning: (lab5-build)
[debug]           Load.loadUnit: loadedProjectsRaw took 4015.9834ms
[debug]           Load.loadUnit: cleanEvalClasses took 14.940601ms
[debug]         Load.loadUnit(file:/C:/Users/Lauri/Desktop/GitHub/chisel-lab_Personlig/lab5/project/, ...) took 4203.5697ms
[debug]       Load.apply: load took 4386.2221ms
[debug]       Load.apply: resolveProjects took 5.700901ms
[debug]       Load.apply: finalTransforms took 90.759299ms
[debug]       Load.apply: config.delegates took 14.3183ms
[debug]       Load.apply: Def.make(settings)... took 611.505ms
[debug]       Load.apply: structureIndex took 130.408799ms
[debug]       Load.apply: mkStreams took 3.870299ms
[info] loading project definition from C:\Users\Lauri\Desktop\GitHub\chisel-lab_Personlig\lab5\project
[debug] Running task... Cancel: Signal, check cycles: false, forcegc: true
[debug]     Load.loadUnit: plugins took 8170.914401ms
[debug]     Load.loadUnit: defsScala took 0.002999ms
[debug] [Loading] Scanning directory C:\Users\Lauri\Desktop\GitHub\chisel-lab_Personlig\lab5
[debug]       Load.loadUnit: mkEval took 0.4865ms
[debug] [Loading] Found non-root projects 
[debug] [Loading] Done in C:\Users\Lauri\Desktop\GitHub\chisel-lab_Personlig\lab5, returning: ()
[debug] deducing auto plugins based on known facts Set(Atom(sbt.plugins.CorePlugin)) and clauses Clauses(Clause(Atom(sbt.plugins.JvmPlugin),Set(Atom(sbt.plugins.IvyPlugin)))
[debug] Clause(Atom(sbt.ScriptedPlugin),Set(Atom(sbt.plugins.JvmPlugin)))
[debug] Clause(Atom(sbt.plugins.SbtPlugin),Set(Atom(sbt.ScriptedPlugin)))
[debug] Clause(Atom(sbt.plugins.SemanticdbPlugin),Set(Atom(sbt.plugins.JvmPlugin)))
[debug] Clause(Atom(sbt.plugins.JUnitXmlReportPlugin),Set(Atom(sbt.plugins.JvmPlugin)))
[debug] Clause(Atom(sbt.plugins.MiniDependencyTreePlugin),Set(Atom(sbt.plugins.JvmPlugin)))
[debug] Clause(Atom(org.jetbrains.sbt.StructurePlugin),Set(Atom(sbt.plugins.JvmPlugin)))
[debug] Clause(Atom(org.jetbrains.sbt.IdeaShellPlugin),Set(Atom(sbt.plugins.JvmPlugin)))
[debug] Clause(Atom(org.jetbrains.sbt.indices.SbtIntellijIndicesPlugin),Set(Atom(sbt.plugins.JvmPlugin)))
[debug] Clause(Atom(sbt.plugins.CorePlugin),Set(Atom(sbt.plugins.IvyPlugin)))
[debug] Clause(Atom(sbt.plugins.IvyPlugin),Set(Atom(sbt.plugins.JvmPlugin)))
[debug] Clause(Atom(sbt.plugins.JvmPlugin),Set(Atom(sbt.plugins.SemanticdbPlugin)))
[debug] Clause(Atom(sbt.plugins.JvmPlugin),Set(Atom(sbt.plugins.JUnitXmlReportPlugin)))
[debug] Clause(Atom(sbt.plugins.CorePlugin),Set(Atom(sbt.plugins.Giter8TemplatePlugin)))
[debug] Clause(Atom(sbt.plugins.JvmPlugin),Set(Atom(sbt.plugins.MiniDependencyTreePlugin)))
[debug] Clause(Atom(sbt.plugins.JvmPlugin),Set(Atom(org.jetbrains.sbt.StructurePlugin)))
[debug] Clause(Atom(sbt.plugins.JvmPlugin),Set(Atom(org.jetbrains.sbt.IdeaShellPlugin)))
[debug] Clause(And(Set(Atom(sbt.plugins.CorePlugin), Atom(sbt.plugins.JvmPlugin))),Set(Atom(org.jetbrains.sbt.indices.SbtIntellijIndicesPlugin))))
[debug]   :: deduced result: Matched(sbt.plugins.CorePlugin,sbt.plugins.Giter8TemplatePlugin,sbt.plugins.IvyPlugin,sbt.plugins.JvmPlugin,sbt.plugins.SemanticdbPlugin,org.jetbrains.sbt.indices.SbtIntellijIndicesPlugin,sbt.plugins.JUnitXmlReportPlugin,org.jetbrains.sbt.IdeaShellPlugin,org.jetbrains.sbt.StructurePlugin,sbt.plugins.MiniDependencyTreePlugin)
[debug] Plugins.deducer#function took 2.2483 ms
[info] loading settings for project lab5 from build.sbt ...
[debug]         Load.resolveProject(lab5) took 46.349101ms
[debug]       Load.loadTransitive: finalizeProject(Project(id lab5, base: C:\Users\Lauri\Desktop\GitHub\chisel-lab_Personlig\lab5, plugins: List(<none>))) took 49.7665ms
[debug] [Loading] Done in C:\Users\Lauri\Desktop\GitHub\chisel-lab_Personlig\lab5, returning: (lab5)
[debug]     Load.loadUnit: loadedProjectsRaw took 2075.4235ms
[debug]     Load.loadUnit: cleanEvalClasses took 54.890701ms
[debug]   Load.loadUnit(file:/C:/Users/Lauri/Desktop/GitHub/chisel-lab_Personlig/lab5/, ...) took 10303.6934ms
[debug] Load.apply: load took 10350.947001ms
[debug] Load.apply: resolveProjects took 0.1217ms
[debug] Load.apply: finalTransforms took 29.540501ms
[debug] Load.apply: config.delegates took 0.393099ms
[debug] Load.apply: Def.make(settings)... took 100.6837ms
[debug] Load.apply: structureIndex took 28.5354ms
[debug] Load.apply: mkStreams took 0.0035ms
[info] set current project to lab5 (in build file:/C:/Users/Lauri/Desktop/GitHub/chisel-lab_Personlig/lab5/)
[debug] > Exec(sbtPopOnFailure, None, None)
[debug] > Exec(resumeFromFailure, None, None)
[debug] > Exec(notifyUsersAboutShell, None, None)
[debug] > Exec(iflast shell, None, None)
[debug] > Exec(; set ideaPort in Global := 54952 ; idea-shell, None, None)
[debug] > Exec(set ideaPort in Global := 54952, None, None)
[info] Defining Global / ideaPort
[info] The new value will be used by Compile / compile, Test / compile
[debug] Defining 
[debug] 	Global / ideaPort
[debug] 
[debug] The new value will be used by 
[debug] 	Compile / compile
[debug] 	Test / compile
[info] Reapplying settings...
[info] set current project to lab5 (in build file:/C:/Users/Lauri/Desktop/GitHub/chisel-lab_Personlig/lab5/)
[debug] > Exec(idea-shell, None, None)
